<?xml version="1.0" encoding="UTF-8"?>
<testsuite name="PromProgLab5.CircleTest" tests="1" skipped="0" failures="0" errors="0" timestamp="2016-04-27T06:11:30" hostname="GloryPC" time="0.002">
  <properties/>
  <testcase name="testArea" classname="PromProgLab5.CircleTest" time="0.002"/>
  <system-out><![CDATA[]]></system-out>
  <system-err><![CDATA[]]></system-err>
</testsuite>
