<?xml version="1.0" encoding="UTF-8"?>
<testsuite name="PromProgLab5.IntegrationTest" tests="1" skipped="0" failures="0" errors="0" timestamp="2016-04-27T06:11:30" hostname="GloryPC" time="0.107">
  <properties/>
  <testcase name="testMyJPanelCreation" classname="PromProgLab5.IntegrationTest" time="0.107"/>
  <system-out><![CDATA[]]></system-out>
  <system-err><![CDATA[]]></system-err>
</testsuite>
